<?xml version="1.0" encoding="UTF-8"?>
<!-- Generated by org.testng.reporters.JUnitReportReporter -->
<testsuite skipped="0" hostname="DESKTOP-66NPI4H" name="Test_Case.Task_2" tests="1" failures="0" timestamp="2024-03-08T17:12:49 IST" time="11.912" errors="0">
  <testcase name="testCase" time="11.912" classname="Test_Case.Task_2"/>
  <system-out/>
</testsuite> <!-- Test_Case.Task_2 -->
